Copyright 1986-2021 Xilinx, Inc. All Rights Reserved.
-------------------------------------------------------------------------------------------
| Tool Version      : Vivado v.2021.1 (win64) Build 3247384 Thu Jun 10 19:36:33 MDT 2021
| Date              : Mon Nov  1 22:36:39 2021
| Host              : LAPTOP-EMHK0KK9 running 64-bit major release  (build 9200)
| Command           : report_clock_utilization -file fpga_top_clock_utilization_routed.rpt
| Design            : fpga_top
| Device            : 7a35ti-csg324
| Speed File        : -1L  PRODUCTION 1.23 2018-06-13
| Temperature Grade : I
| Design State      : Routed
-------------------------------------------------------------------------------------------

Clock Utilization Report

Table of Contents
-----------------
1. Clock Primitive Utilization
2. Global Clock Resources
3. Global Clock Source Details
4. Local Clock Details
5. Clock Regions: Key Resource Utilization
6. Clock Regions : Global Clock Summary
7. Device Cell Placement Summary for Global Clock g0
8. Device Cell Placement Summary for Global Clock g1
9. Device Cell Placement Summary for Global Clock g2
10. Device Cell Placement Summary for Global Clock g3
11. Clock Region Cell Placement per Global Clock: Region X1Y0
12. Clock Region Cell Placement per Global Clock: Region X0Y1
13. Clock Region Cell Placement per Global Clock: Region X1Y1
14. Clock Region Cell Placement per Global Clock: Region X1Y2

1. Clock Primitive Utilization
------------------------------

+----------+------+-----------+-----+--------------+--------+
| Type     | Used | Available | LOC | Clock Region | Pblock |
+----------+------+-----------+-----+--------------+--------+
| BUFGCTRL |    4 |        32 |   0 |            0 |      0 |
| BUFH     |    0 |        72 |   0 |            0 |      0 |
| BUFIO    |    0 |        20 |   0 |            0 |      0 |
| BUFMR    |    0 |        10 |   0 |            0 |      0 |
| BUFR     |    0 |        20 |   0 |            0 |      0 |
| MMCM     |    1 |         5 |   0 |            0 |      0 |
| PLL      |    0 |         5 |   0 |            0 |      0 |
+----------+------+-----------+-----+--------------+--------+


2. Global Clock Resources
-------------------------

+-----------+-----------+-----------------+------------+----------------+--------------+-------------------+-------------+-----------------+--------------+--------------------+---------------------------+------------------------------------+
| Global Id | Source Id | Driver Type/Pin | Constraint | Site           | Clock Region | Load Clock Region | Clock Loads | Non-Clock Loads | Clock Period | Clock              | Driver Pin                | Net                                |
+-----------+-----------+-----------------+------------+----------------+--------------+-------------------+-------------+-----------------+--------------+--------------------+---------------------------+------------------------------------+
| g0        | src0      | BUFG/O          | None       | BUFGCTRL_X0Y16 | n/a          |                 4 |        1747 |               0 |       10.000 | clk_100_clk_wiz_0  | PM_PLL/inst/clkout1_buf/O | PM_PLL/inst/clk_100                |
| g1        | src1      | BUFG/O          | None       | BUFGCTRL_X0Y17 | n/a          |                 1 |          50 |               0 |       27.778 | clk_36_clk_wiz_0   | PM_PLL/inst/clkout2_buf/O | PM_PLL/inst/clk_36                 |
| g2        | src2      | BUFG/O          | None       | BUFGCTRL_X0Y18 | n/a          |                 1 |           1 |               0 |       10.000 | clkfbout_clk_wiz_0 | PM_PLL/inst/clkf_buf/O    | PM_PLL/inst/clkfbout_buf_clk_wiz_0 |
| g3        | src3      | BUFG/O          | None       | BUFGCTRL_X0Y0  | n/a          |                 2 |           1 |              23 |              |                    | rst_n_IBUF_BUFG_inst/O    | rst_n_IBUF_BUFG                    |
+-----------+-----------+-----------------+------------+----------------+--------------+-------------------+-------------+-----------------+--------------+--------------------+---------------------------+------------------------------------+
* Clock Loads column represents the clock pin loads (pin count)
** Non-Clock Loads column represents the non-clock pin loads (pin count)


3. Global Clock Source Details
------------------------------

+-----------+-----------+---------------------+------------+-----------------+--------------+-------------+-----------------+---------------------+--------------------+------------------------------------+--------------------------------+
| Source Id | Global Id | Driver Type/Pin     | Constraint | Site            | Clock Region | Clock Loads | Non-Clock Loads | Source Clock Period | Source Clock       | Driver Pin                         | Net                            |
+-----------+-----------+---------------------+------------+-----------------+--------------+-------------+-----------------+---------------------+--------------------+------------------------------------+--------------------------------+
| src0      | g0        | MMCME2_ADV/CLKOUT0  | None       | MMCME2_ADV_X1Y1 | X1Y1         |           1 |               0 |              10.000 | clk_100_clk_wiz_0  | PM_PLL/inst/mmcm_adv_inst/CLKOUT0  | PM_PLL/inst/clk_100_clk_wiz_0  |
| src1      | g1        | MMCME2_ADV/CLKOUT1  | None       | MMCME2_ADV_X1Y1 | X1Y1         |           1 |               0 |              27.778 | clk_36_clk_wiz_0   | PM_PLL/inst/mmcm_adv_inst/CLKOUT1  | PM_PLL/inst/clk_36_clk_wiz_0   |
| src2      | g2        | MMCME2_ADV/CLKFBOUT | None       | MMCME2_ADV_X1Y1 | X1Y1         |           1 |               0 |              10.000 | clkfbout_clk_wiz_0 | PM_PLL/inst/mmcm_adv_inst/CLKFBOUT | PM_PLL/inst/clkfbout_clk_wiz_0 |
| src3      | g3        | IBUF/O              | IOB_X1Y68  | IOB_X1Y68       | X1Y1         |           1 |              22 |                     |                    | rst_n_IBUF_inst/O                  | rst_n_IBUF                     |
+-----------+-----------+---------------------+------------+-----------------+--------------+-------------+-----------------+---------------------+--------------------+------------------------------------+--------------------------------+
* Clock Loads column represents the clock pin loads (pin count)
** Non-Clock Loads column represents the non-clock pin loads (pin count)


4. Local Clock Details
----------------------

+----------+-----------------+------------+------------------+--------------+-------------+-----------------+--------------+-------+----------------------------+----------------------+
| Local Id | Driver Type/Pin | Constraint | Site/BEL         | Clock Region | Clock Loads | Non-Clock Loads | Clock Period | Clock | Driver Pin                 | Net                  |
+----------+-----------------+------------+------------------+--------------+-------------+-----------------+--------------+-------+----------------------------+----------------------||
| 0        | FDCE/Q          | None       | SLICE_X4Y75/B5FF | X0Y1         |          11 |               3 |              |       | PM_CLKDIV_1K/clk_int_reg/Q | PM_CLKDIV_1K/clk_10k - Static -
| 1        | FDCE/Q          | None       | SLICE_X8Y74/B5FF | X0Y1         |           8 |               3 |              |       | PM_CLKDIV_1M/clk_int_reg/Q | PM_CLKDIV_1M/clk_1M  - Static -
+----------+-----------------+------------+------------------+--------------+-------------+-----------------+--------------+-------+----------------------------+----------------------||
* Local Clocks in this context represents only clocks driven by non-global buffers
** Clock Loads column represents the clock pin loads (pin count)
*** Non-Clock Loads column represents the non-clock pin loads (pin count)


5. Clock Regions: Key Resource Utilization
------------------------------------------

+-------------------+--------------+--------------+--------------+--------------+--------------+--------------+--------------+--------------+--------------+--------------+--------------+--------------+--------------+--------------+--------------+
|                   | Global Clock |     BUFRs    |    BUFMRs    |    BUFIOs    |     MMCM     |      PLL     |      GT      |      PCI     |    ILOGIC    |    OLOGIC    |      FF      |     LUTM     |    RAMB18    |    RAMB36    |    DSP48E2   |
+-------------------+------+-------+------+-------+------+-------+------+-------+------+-------+------+-------+------+-------+------+-------+------+-------+------+-------+------+-------+------+-------+------+-------+------+-------+------+-------+
| Clock Region Name | Used | Avail | Used | Avail | Used | Avail | Used | Avail | Used | Avail | Used | Avail | Used | Avail | Used | Avail | Used | Avail | Used | Avail | Used | Avail | Used | Avail | Used | Avail | Used | Avail | Used | Avail |
+-------------------+------+-------+------+-------+------+-------+------+-------+------+-------+------+-------+------+-------+------+-------+------+-------+------+-------+------+-------+------+-------+------+-------+------+-------+------+-------+
| X0Y0              |    0 |    12 |    0 |     4 |    0 |     2 |    0 |     4 |    0 |     1 |    0 |     1 |    0 |     0 |    0 |     0 |    0 |    50 |    0 |    50 |    0 |  1200 |    0 |   400 |    0 |    20 |    0 |    10 |    0 |    20 |
| X1Y0              |    2 |    12 |    0 |     4 |    0 |     2 |    0 |     4 |    0 |     1 |    0 |     1 |    0 |     0 |    0 |     0 |    0 |    50 |    0 |    50 |  410 |  1500 |  153 |   450 |    0 |    40 |    0 |    20 |    7 |    20 |
| X0Y1              |    3 |    12 |    0 |     4 |    0 |     2 |    0 |     4 |    0 |     1 |    0 |     1 |    0 |     0 |    0 |     0 |    0 |    50 |    0 |    50 |  475 |  1200 |  184 |   400 |    0 |    20 |    0 |    10 |    0 |    20 |
| X1Y1              |    2 |    12 |    0 |     4 |    0 |     2 |    0 |     4 |    1 |     1 |    0 |     1 |    0 |     0 |    0 |     0 |    0 |    50 |    0 |    50 |  889 |  1500 |  301 |   450 |    0 |    40 |    0 |    20 |   18 |    20 |
| X0Y2              |    0 |    12 |    0 |     4 |    0 |     2 |    0 |     4 |    0 |     1 |    0 |     1 |    0 |     0 |    0 |     0 |    0 |    50 |    0 |    50 |    0 |  1800 |    0 |   400 |    0 |    20 |    0 |    10 |    0 |    20 |
| X1Y2              |    1 |    12 |    0 |     0 |    0 |     0 |    0 |     0 |    0 |     0 |    0 |     0 |    0 |     4 |    0 |     1 |    0 |     0 |    0 |     0 |    5 |   950 |    1 |   300 |    0 |    10 |    0 |     5 |    0 |    20 |
+-------------------+------+-------+------+-------+------+-------+------+-------+------+-------+------+-------+------+-------+------+-------+------+-------+------+-------+------+-------+------+-------+------+-------+------+-------+------+-------+
* Global Clock column represents track count; while other columns represents cell counts


6. Clock Regions : Global Clock Summary
---------------------------------------

All Modules
+----+----+----+
|    | X0 | X1 |
+----+----+----+
| Y2 |  0 |  1 |
| Y1 |  3 |  2 |
| Y0 |  0 |  2 |
+----+----+----+


7. Device Cell Placement Summary for Global Clock g0
----------------------------------------------------

+-----------+-----------------+-------------------+-------------------+-------------+---------------+-------------+----------+----------------+----------+---------------------+
| Global Id | Driver Type/Pin | Driver Region (D) | Clock             | Period (ns) | Waveform (ns) | Slice Loads | IO Loads | Clocking Loads | GT Loads | Net                 |
+-----------+-----------------+-------------------+-------------------+-------------+---------------+-------------+----------+----------------+----------+---------------------+
| g0        | BUFG/O          | n/a               | clk_100_clk_wiz_0 |      10.000 | {0.000 5.000} |        1737 |        0 |              0 |        0 | PM_PLL/inst/clk_100 |
+-----------+-----------------+-------------------+-------------------+-------------+---------------+-------------+----------+----------------+----------+---------------------+
* Slice Loads column represents load cell count of all cell types other than IO, GT and clock resources
** IO Loads column represents load cell count of IO types
*** Clocking Loads column represents load cell count that are clock resources (global clock buffer, MMCM, PLL, etc)
**** GT Loads column represents load cell count of GT types


+----+------+------+-----------------------+
|    | X0   | X1   | HORIZONTAL PROG DELAY |
+----+------+------+-----------------------+
| Y2 |    0 |    5 |                     0 |
| Y1 |  407 |  908 |                     0 |
| Y0 |    0 |  417 |                     0 |
+----+------+------+-----------------------+


8. Device Cell Placement Summary for Global Clock g1
----------------------------------------------------

+-----------+-----------------+-------------------+------------------+-------------+----------------+-------------+----------+----------------+----------+--------------------+
| Global Id | Driver Type/Pin | Driver Region (D) | Clock            | Period (ns) | Waveform (ns)  | Slice Loads | IO Loads | Clocking Loads | GT Loads | Net                |
+-----------+-----------------+-------------------+------------------+-------------+----------------+-------------+----------+----------------+----------+--------------------+
| g1        | BUFG/O          | n/a               | clk_36_clk_wiz_0 |      27.778 | {0.000 13.889} |          50 |        0 |              0 |        0 | PM_PLL/inst/clk_36 |
+-----------+-----------------+-------------------+------------------+-------------+----------------+-------------+----------+----------------+----------+--------------------+
* Slice Loads column represents load cell count of all cell types other than IO, GT and clock resources
** IO Loads column represents load cell count of IO types
*** Clocking Loads column represents load cell count that are clock resources (global clock buffer, MMCM, PLL, etc)
**** GT Loads column represents load cell count of GT types


+----+-----+----+-----------------------+
|    | X0  | X1 | HORIZONTAL PROG DELAY |
+----+-----+----+-----------------------+
| Y2 |   0 |  0 |                     0 |
| Y1 |  50 |  0 |                     0 |
| Y0 |   0 |  0 |                     0 |
+----+-----+----+-----------------------+


9. Device Cell Placement Summary for Global Clock g2
----------------------------------------------------

+-----------+-----------------+-------------------+--------------------+-------------+---------------+-------------+----------+----------------+----------+------------------------------------+
| Global Id | Driver Type/Pin | Driver Region (D) | Clock              | Period (ns) | Waveform (ns) | Slice Loads | IO Loads | Clocking Loads | GT Loads | Net                                |
+-----------+-----------------+-------------------+--------------------+-------------+---------------+-------------+----------+----------------+----------+------------------------------------+
| g2        | BUFG/O          | n/a               | clkfbout_clk_wiz_0 |      10.000 | {0.000 5.000} |           0 |        0 |              1 |        0 | PM_PLL/inst/clkfbout_buf_clk_wiz_0 |
+-----------+-----------------+-------------------+--------------------+-------------+---------------+-------------+----------+----------------+----------+------------------------------------+
* Slice Loads column represents load cell count of all cell types other than IO, GT and clock resources
** IO Loads column represents load cell count of IO types
*** Clocking Loads column represents load cell count that are clock resources (global clock buffer, MMCM, PLL, etc)
**** GT Loads column represents load cell count of GT types


+----+----+----+-----------------------+
|    | X0 | X1 | HORIZONTAL PROG DELAY |
+----+----+----+-----------------------+
| Y2 |  0 |  0 |                     0 |
| Y1 |  0 |  1 |                     0 |
| Y0 |  0 |  0 |                     0 |
+----+----+----+-----------------------+


10. Device Cell Placement Summary for Global Clock g3
-----------------------------------------------------

+-----------+-----------------+-------------------+-------+-------------+---------------+-------------+----------+----------------+----------+-----------------+
| Global Id | Driver Type/Pin | Driver Region (D) | Clock | Period (ns) | Waveform (ns) | Slice Loads | IO Loads | Clocking Loads | GT Loads | Net             |
+-----------+-----------------+-------------------+-------+-------------+---------------+-------------+----------+----------------+----------+-----------------+
| g3        | BUFG/O          | n/a               |       |             |               |          23 |        0 |              0 |        0 | rst_n_IBUF_BUFG |
+-----------+-----------------+-------------------+-------+-------------+---------------+-------------+----------+----------------+----------+-----------------+
* Slice Loads column represents load cell count of all cell types other than IO, GT and clock resources
** IO Loads column represents load cell count of IO types
*** Clocking Loads column represents load cell count that are clock resources (global clock buffer, MMCM, PLL, etc)
**** GT Loads column represents load cell count of GT types


+----+----+-----+-----------------------+
|    | X0 | X1  | HORIZONTAL PROG DELAY |
+----+----+-----+-----------------------+
| Y2 |  0 |   0 |                     0 |
| Y1 |  4 |   0 |                     0 |
| Y0 |  0 |  19 |                     0 |
+----+----+-----+-----------------------+


11. Clock Region Cell Placement per Global Clock: Region X1Y0
-------------------------------------------------------------

+-----------+-------+-----------------+------------+-------------+-----------------+-----+--------+------+-----+----+------+-----+---------+---------------------+
| Global Id | Track | Driver Type/Pin | Constraint | Clock Loads | Non-Clock Loads | FF  | LUTRAM | RAMB | DSP | GT | MMCM | PLL | Hard IP | Net                 |
+-----------+-------+-----------------+------------+-------------+-----------------+-----+--------+------+-----+----+------+-----+---------+---------------------+
| g0        | n/a   | BUFG/O          | None       |         417 |               0 | 410 |      0 |    0 |   7 |  0 |    0 |   0 |       0 | PM_PLL/inst/clk_100 |
| g3        | n/a   | BUFG/O          | None       |           0 |              19 |  18 |      0 |    0 |   0 |  0 |    0 |   0 |       0 | rst_n_IBUF_BUFG     |
+-----------+-------+-----------------+------------+-------------+-----------------+-----+--------+------+-----+----+------+-----+---------+---------------------+
* Clock Loads column represents the clock pin loads (pin count)
** Non-Clock Loads column represents the non-clock pin loads (pin count)
*** Columns FF, LUTRAM, RAMB through 'Hard IP' represents load cell counts


12. Clock Region Cell Placement per Global Clock: Region X0Y1
-------------------------------------------------------------

+-----------+-------+-----------------+------------+-------------+-----------------+-----+--------+------+-----+----+------+-----+---------+---------------------+
| Global Id | Track | Driver Type/Pin | Constraint | Clock Loads | Non-Clock Loads | FF  | LUTRAM | RAMB | DSP | GT | MMCM | PLL | Hard IP | Net                 |
+-----------+-------+-----------------+------------+-------------+-----------------+-----+--------+------+-----+----+------+-----+---------+---------------------+
| g0        | n/a   | BUFG/O          | None       |         407 |               0 | 406 |      0 |    0 |   0 |  0 |    0 |   0 |       0 | PM_PLL/inst/clk_100 |
| g1        | n/a   | BUFG/O          | None       |          50 |               0 |  50 |      0 |    0 |   0 |  0 |    0 |   0 |       0 | PM_PLL/inst/clk_36  |
| g3        | n/a   | BUFG/O          | None       |           0 |               4 |   3 |      0 |    0 |   0 |  0 |    0 |   0 |       0 | rst_n_IBUF_BUFG     |
+-----------+-------+-----------------+------------+-------------+-----------------+-----+--------+------+-----+----+------+-----+---------+---------------------+
* Clock Loads column represents the clock pin loads (pin count)
** Non-Clock Loads column represents the non-clock pin loads (pin count)
*** Columns FF, LUTRAM, RAMB through 'Hard IP' represents load cell counts


13. Clock Region Cell Placement per Global Clock: Region X1Y1
-------------------------------------------------------------

+-----------+-------+-----------------+------------+-------------+-----------------+-----+--------+------+-----+----+------+-----+---------+------------------------------------+
| Global Id | Track | Driver Type/Pin | Constraint | Clock Loads | Non-Clock Loads | FF  | LUTRAM | RAMB | DSP | GT | MMCM | PLL | Hard IP | Net                                |
+-----------+-------+-----------------+------------+-------------+-----------------+-----+--------+------+-----+----+------+-----+---------+------------------------------------+
| g0        | n/a   | BUFG/O          | None       |         908 |               0 | 889 |      0 |    0 |  18 |  0 |    0 |   0 |       0 | PM_PLL/inst/clk_100                |
| g2        | n/a   | BUFG/O          | None       |           1 |               0 |   0 |      0 |    0 |   0 |  0 |    1 |   0 |       0 | PM_PLL/inst/clkfbout_buf_clk_wiz_0 |
+-----------+-------+-----------------+------------+-------------+-----------------+-----+--------+------+-----+----+------+-----+---------+------------------------------------+
* Clock Loads column represents the clock pin loads (pin count)
** Non-Clock Loads column represents the non-clock pin loads (pin count)
*** Columns FF, LUTRAM, RAMB through 'Hard IP' represents load cell counts


14. Clock Region Cell Placement per Global Clock: Region X1Y2
-------------------------------------------------------------

+-----------+-------+-----------------+------------+-------------+-----------------+----+--------+------+-----+----+------+-----+---------+---------------------+
| Global Id | Track | Driver Type/Pin | Constraint | Clock Loads | Non-Clock Loads | FF | LUTRAM | RAMB | DSP | GT | MMCM | PLL | Hard IP | Net                 |
+-----------+-------+-----------------+------------+-------------+-----------------+----+--------+------+-----+----+------+-----+---------+---------------------+
| g0        | n/a   | BUFG/O          | None       |           5 |               0 |  5 |      0 |    0 |   0 |  0 |    0 |   0 |       0 | PM_PLL/inst/clk_100 |
+-----------+-------+-----------------+------------+-------------+-----------------+----+--------+------+-----+----+------+-----+---------+---------------------+
* Clock Loads column represents the clock pin loads (pin count)
** Non-Clock Loads column represents the non-clock pin loads (pin count)
*** Columns FF, LUTRAM, RAMB through 'Hard IP' represents load cell counts



# Location of BUFG Primitives 
set_property LOC BUFGCTRL_X0Y0 [get_cells rst_n_IBUF_BUFG_inst]
set_property LOC BUFGCTRL_X0Y18 [get_cells PM_PLL/inst/clkf_buf]
set_property LOC BUFGCTRL_X0Y17 [get_cells PM_PLL/inst/clkout2_buf]
set_property LOC BUFGCTRL_X0Y16 [get_cells PM_PLL/inst/clkout1_buf]

# Location of IO Primitives which is load of clock spine

# Location of clock ports
set_property LOC IOB_X1Y76 [get_ports clk_pad]
set_property LOC IOB_X1Y68 [get_ports rst_n]

# Clock net "rst_n_IBUF_BUFG" driven by instance "rst_n_IBUF_BUFG_inst" located at site "BUFGCTRL_X0Y0"
#startgroup
create_pblock {CLKAG_rst_n_IBUF_BUFG}
add_cells_to_pblock [get_pblocks  {CLKAG_rst_n_IBUF_BUFG}] [get_cells -filter { PRIMITIVE_GROUP != I/O && IS_PRIMITIVE==1 && PRIMITIVE_LEVEL !=INTERNAL } -of_object [get_pins -filter {DIRECTION==IN} -of_objects [get_nets -hierarchical -filter {PARENT=="rst_n_IBUF_BUFG"}]]]
resize_pblock [get_pblocks {CLKAG_rst_n_IBUF_BUFG}] -add {CLOCKREGION_X0Y1:CLOCKREGION_X0Y1 CLOCKREGION_X1Y0:CLOCKREGION_X1Y0}
#endgroup

# Clock net "PM_PLL/inst/clk_36" driven by instance "PM_PLL/inst/clkout2_buf" located at site "BUFGCTRL_X0Y17"
#startgroup
create_pblock {CLKAG_PM_PLL/inst/clk_36}
add_cells_to_pblock [get_pblocks  {CLKAG_PM_PLL/inst/clk_36}] [get_cells -filter { PRIMITIVE_GROUP != I/O && IS_PRIMITIVE==1 && PRIMITIVE_LEVEL !=INTERNAL } -of_object [get_pins -filter {DIRECTION==IN} -of_objects [get_nets -hierarchical -filter {PARENT=="PM_PLL/inst/clk_36"}]]]
resize_pblock [get_pblocks {CLKAG_PM_PLL/inst/clk_36}] -add {CLOCKREGION_X0Y1:CLOCKREGION_X0Y1}
#endgroup

# Clock net "PM_PLL/inst/clk_100" driven by instance "PM_PLL/inst/clkout1_buf" located at site "BUFGCTRL_X0Y16"
#startgroup
create_pblock {CLKAG_PM_PLL/inst/clk_100}
add_cells_to_pblock [get_pblocks  {CLKAG_PM_PLL/inst/clk_100}] [get_cells -filter { PRIMITIVE_GROUP != I/O && IS_PRIMITIVE==1 && PRIMITIVE_LEVEL !=INTERNAL } -of_object [get_pins -filter {DIRECTION==IN} -of_objects [get_nets -hierarchical -filter {PARENT=="PM_PLL/inst/clk_100"}]]]
resize_pblock [get_pblocks {CLKAG_PM_PLL/inst/clk_100}] -add {CLOCKREGION_X0Y1:CLOCKREGION_X0Y1 CLOCKREGION_X1Y0:CLOCKREGION_X1Y0 CLOCKREGION_X1Y1:CLOCKREGION_X1Y1 CLOCKREGION_X1Y2:CLOCKREGION_X1Y2}
#endgroup
