
*** Running vivado
    with args -log fpga_top.vds -m64 -product Vivado -mode batch -messageDb vivado.pb -notrace -source fpga_top.tcl



****** Vivado v2021.1 (64-bit)
  **** SW Build 3247384 on Thu Jun 10 19:36:33 MDT 2021
  **** IP Build 3246043 on Fri Jun 11 00:30:35 MDT 2021
    ** Copyright 1986-2021 Xilinx, Inc. All Rights Reserved.

source fpga_top.tcl -notrace
Command: synth_design -top fpga_top -part xc7a35ticsg324-1L
Starting synth_design
Attempting to get a license for feature 'Synthesis' and/or device 'xc7a35ti'
INFO: [Common 17-349] Got license for feature 'Synthesis' and/or device 'xc7a35ti'
INFO: [Device 21-403] Loading part xc7a35ticsg324-1L
INFO: [Synth 8-7079] Multithreading enabled for synth_design using a maximum of 2 processes.
INFO: [Synth 8-7078] Launching helper process for spawning children vivado processes
INFO: [Synth 8-7075] Helper process launched with PID 30624
---------------------------------------------------------------------------------
Starting RTL Elaboration : Time (s): cpu = 00:00:04 ; elapsed = 00:00:04 . Memory (MB): peak = 1135.441 ; gain = 0.000
---------------------------------------------------------------------------------
INFO: [Synth 8-638] synthesizing module 'fpga_top' [C:/Users/polit/Documents/n10489045, N10485571  - FIR Filter Vivado and bit file/06_demo_all_2021/src/fpga_top.vhd:59]
INFO: [Synth 8-3491] module 'clk_wiz_0' declared at 'C:/Users/polit/Documents/n10489045, N10485571  - FIR Filter Vivado and bit file/06_demo_all_2021/06_demo_all.runs/synth_1/.Xil/Vivado-28092-LAPTOP-EMHK0KK9/realtime/clk_wiz_0_stub.v:5' bound to instance 'PM_PLL' of component 'clk_wiz_0' [C:/Users/polit/Documents/n10489045, N10485571  - FIR Filter Vivado and bit file/06_demo_all_2021/src/fpga_top.vhd:194]
INFO: [Synth 8-6157] synthesizing module 'clk_wiz_0' [C:/Users/polit/Documents/n10489045, N10485571  - FIR Filter Vivado and bit file/06_demo_all_2021/06_demo_all.runs/synth_1/.Xil/Vivado-28092-LAPTOP-EMHK0KK9/realtime/clk_wiz_0_stub.v:5]
INFO: [Synth 8-6155] done synthesizing module 'clk_wiz_0' (1#1) [C:/Users/polit/Documents/n10489045, N10485571  - FIR Filter Vivado and bit file/06_demo_all_2021/06_demo_all.runs/synth_1/.Xil/Vivado-28092-LAPTOP-EMHK0KK9/realtime/clk_wiz_0_stub.v:5]
INFO: [Synth 8-638] synthesizing module 'clk_prescaler' [C:/Users/polit/Documents/n10489045, N10485571  - FIR Filter Vivado and bit file/06_demo_all_2021/src/clk_prescaler.vhd:14]
	Parameter PRESCALER bound to: 100 - type: integer 
INFO: [Synth 8-256] done synthesizing module 'clk_prescaler' (2#1) [C:/Users/polit/Documents/n10489045, N10485571  - FIR Filter Vivado and bit file/06_demo_all_2021/src/clk_prescaler.vhd:14]
INFO: [Synth 8-638] synthesizing module 'clk_prescaler__parameterized0' [C:/Users/polit/Documents/n10489045, N10485571  - FIR Filter Vivado and bit file/06_demo_all_2021/src/clk_prescaler.vhd:14]
	Parameter PRESCALER bound to: 1000 - type: integer 
INFO: [Synth 8-256] done synthesizing module 'clk_prescaler__parameterized0' (2#1) [C:/Users/polit/Documents/n10489045, N10485571  - FIR Filter Vivado and bit file/06_demo_all_2021/src/clk_prescaler.vhd:14]
INFO: [Synth 8-638] synthesizing module 'i2c_wrapper' [C:/Users/polit/Documents/n10489045, N10485571  - FIR Filter Vivado and bit file/06_demo_all_2021/src/i2c/i2c_wrapper.vhd:20]
	Parameter input_clk bound to: 100000000 - type: integer 
	Parameter bus_clk bound to: 100000 - type: integer 
INFO: [Synth 8-638] synthesizing module 'i2c_master' [C:/Users/polit/Documents/n10489045, N10485571  - FIR Filter Vivado and bit file/06_demo_all_2021/src/i2c/i2c_master.vhd:54]
	Parameter input_clk bound to: 100000000 - type: integer 
	Parameter bus_clk bound to: 100000 - type: integer 
INFO: [Synth 8-256] done synthesizing module 'i2c_master' (3#1) [C:/Users/polit/Documents/n10489045, N10485571  - FIR Filter Vivado and bit file/06_demo_all_2021/src/i2c/i2c_master.vhd:54]
INFO: [Synth 8-256] done synthesizing module 'i2c_wrapper' (4#1) [C:/Users/polit/Documents/n10489045, N10485571  - FIR Filter Vivado and bit file/06_demo_all_2021/src/i2c/i2c_wrapper.vhd:20]
INFO: [Synth 8-3491] module 'IBUF' declared at 'C:/Xilinx/Vivado/2021.1/scripts/rt/data/unisim_comp.v:51657' bound to instance 'U1' of component 'IBUF' [C:/Users/polit/Documents/n10489045, N10485571  - FIR Filter Vivado and bit file/06_demo_all_2021/src/fpga_top.vhd:310]
INFO: [Synth 8-6157] synthesizing module 'IBUF' [C:/Xilinx/Vivado/2021.1/scripts/rt/data/unisim_comp.v:51657]
INFO: [Synth 8-6155] done synthesizing module 'IBUF' (5#1) [C:/Xilinx/Vivado/2021.1/scripts/rt/data/unisim_comp.v:51657]
INFO: [Synth 8-638] synthesizing module 'spi_controller' [C:/Users/polit/Documents/n10489045, N10485571  - FIR Filter Vivado and bit file/06_demo_all_2021/src/spi/spi_controller.vhd:26]
INFO: [Synth 8-638] synthesizing module 'spi_wrapper_1x' [C:/Users/polit/Documents/n10489045, N10485571  - FIR Filter Vivado and bit file/06_demo_all_2021/src/spi/spi_wrapper_1x.vhd:48]
	Parameter G_NUM_SPI_CLKS_READ bound to: 16 - type: integer 
INFO: [Synth 8-638] synthesizing module 'spi_master' [C:/Users/polit/Documents/n10489045, N10485571  - FIR Filter Vivado and bit file/06_demo_all_2021/src/spi/spi_master.vhd:44]
	Parameter G_SPI_CLKS_READ bound to: 16 - type: integer 
INFO: [Synth 8-256] done synthesizing module 'spi_master' (6#1) [C:/Users/polit/Documents/n10489045, N10485571  - FIR Filter Vivado and bit file/06_demo_all_2021/src/spi/spi_master.vhd:44]
INFO: [Synth 8-256] done synthesizing module 'spi_wrapper_1x' (7#1) [C:/Users/polit/Documents/n10489045, N10485571  - FIR Filter Vivado and bit file/06_demo_all_2021/src/spi/spi_wrapper_1x.vhd:48]
INFO: [Synth 8-256] done synthesizing module 'spi_controller' (8#1) [C:/Users/polit/Documents/n10489045, N10485571  - FIR Filter Vivado and bit file/06_demo_all_2021/src/spi/spi_controller.vhd:26]
INFO: [Synth 8-638] synthesizing module 'uart' [C:/Users/polit/Documents/n10489045, N10485571  - FIR Filter Vivado and bit file/06_demo_all_2021/src/uart/uart.vhd:74]
	Parameter G_BAUD_RATE bound to: 115200 - type: integer 
	Parameter G_CLOCK_FREQ bound to: 100000000.000000 - type: double 
INFO: [Synth 8-638] synthesizing module 'fifo_ram' [C:/Users/polit/Documents/n10489045, N10485571  - FIR Filter Vivado and bit file/06_demo_all_2021/src/fifo_ram.vhd:64]
	Parameter G_DATA_WIDTH bound to: 8 - type: integer 
	Parameter G_DEPTH bound to: 16 - type: integer 
INFO: [Synth 8-256] done synthesizing module 'fifo_ram' (9#1) [C:/Users/polit/Documents/n10489045, N10485571  - FIR Filter Vivado and bit file/06_demo_all_2021/src/fifo_ram.vhd:64]
INFO: [Synth 8-638] synthesizing module 'uart_tx' [C:/Users/polit/Documents/n10489045, N10485571  - FIR Filter Vivado and bit file/06_demo_all_2021/src/uart/uart_tx.vhd:56]
	Parameter G_BAUD_RATE bound to: 115200 - type: integer 
	Parameter G_CLOCK_FREQ bound to: 100000000.000000 - type: double 
INFO: [Synth 8-256] done synthesizing module 'uart_tx' (10#1) [C:/Users/polit/Documents/n10489045, N10485571  - FIR Filter Vivado and bit file/06_demo_all_2021/src/uart/uart_tx.vhd:56]
INFO: [Synth 8-638] synthesizing module 'uart_rx' [C:/Users/polit/Documents/n10489045, N10485571  - FIR Filter Vivado and bit file/06_demo_all_2021/src/uart/uart_rx.vhd:58]
	Parameter G_BAUD_RATE bound to: 115200 - type: integer 
	Parameter G_CLOCK_FREQ bound to: 100000000.000000 - type: double 
INFO: [Synth 8-256] done synthesizing module 'uart_rx' (11#1) [C:/Users/polit/Documents/n10489045, N10485571  - FIR Filter Vivado and bit file/06_demo_all_2021/src/uart/uart_rx.vhd:58]
INFO: [Synth 8-256] done synthesizing module 'uart' (12#1) [C:/Users/polit/Documents/n10489045, N10485571  - FIR Filter Vivado and bit file/06_demo_all_2021/src/uart/uart.vhd:74]
INFO: [Synth 8-638] synthesizing module 'data_processing' [C:/Users/polit/Documents/n10489045, N10485571  - FIR Filter Vivado and bit file/06_demo_all_2021/src/data_processing.vhd:35]
	Parameter G_DATA_WIDTH bound to: 8 - type: integer 
INFO: [Synth 8-638] synthesizing module 'data_processing_input' [C:/Users/polit/Documents/n10489045, N10485571  - FIR Filter Vivado and bit file/06_demo_all_2021/src/data_processing_input.vhd:38]
	Parameter G_DATA_WIDTH bound to: 8 - type: integer 
INFO: [Synth 8-256] done synthesizing module 'data_processing_input' (13#1) [C:/Users/polit/Documents/n10489045, N10485571  - FIR Filter Vivado and bit file/06_demo_all_2021/src/data_processing_input.vhd:38]
INFO: [Synth 8-638] synthesizing module 'my_filter' [C:/Users/polit/Documents/n10489045, N10485571  - FIR Filter Vivado and bit file/06_demo_all_2021/src/my_filter.vhd:33]
	Parameter G_DATA_WIDTH bound to: 8 - type: integer 
INFO: [Synth 8-226] default block is never used [C:/Users/polit/Documents/n10489045, N10485571  - FIR Filter Vivado and bit file/06_demo_all_2021/src/my_filter.vhd:54]
INFO: [Synth 8-226] default block is never used [C:/Users/polit/Documents/n10489045, N10485571  - FIR Filter Vivado and bit file/06_demo_all_2021/src/my_filter.vhd:66]
INFO: [Synth 8-638] synthesizing module 'pipeline' [C:/Users/polit/Documents/n10489045, N10485571  - FIR Filter Vivado and bit file/06_demo_all_2021/src/pipeline.vhd:29]
	Parameter G_DATA_WIDTH bound to: 8 - type: integer 
INFO: [Synth 8-256] done synthesizing module 'pipeline' (14#1) [C:/Users/polit/Documents/n10489045, N10485571  - FIR Filter Vivado and bit file/06_demo_all_2021/src/pipeline.vhd:29]
INFO: [Synth 8-638] synthesizing module 'my_FIR_filter' [C:/Users/polit/Documents/n10489045, N10485571  - FIR Filter Vivado and bit file/06_demo_all_2021/src/my_FIR_filter.vhd:22]
	Parameter G_DATA_WIDTH bound to: 8 - type: integer 
INFO: [Synth 8-256] done synthesizing module 'my_FIR_filter' (15#1) [C:/Users/polit/Documents/n10489045, N10485571  - FIR Filter Vivado and bit file/06_demo_all_2021/src/my_FIR_filter.vhd:22]
INFO: [Synth 8-256] done synthesizing module 'my_filter' (16#1) [C:/Users/polit/Documents/n10489045, N10485571  - FIR Filter Vivado and bit file/06_demo_all_2021/src/my_filter.vhd:33]
INFO: [Synth 8-256] done synthesizing module 'data_processing' (17#1) [C:/Users/polit/Documents/n10489045, N10485571  - FIR Filter Vivado and bit file/06_demo_all_2021/src/data_processing.vhd:35]
INFO: [Synth 8-3491] module 'xadc_wiz_0' declared at 'C:/Users/polit/Documents/n10489045, N10485571  - FIR Filter Vivado and bit file/06_demo_all_2021/06_demo_all.runs/synth_1/.Xil/Vivado-28092-LAPTOP-EMHK0KK9/realtime/xadc_wiz_0_stub.v:5' bound to instance 'PM_XADC' of component 'xadc_wiz_0' [C:/Users/polit/Documents/n10489045, N10485571  - FIR Filter Vivado and bit file/06_demo_all_2021/src/fpga_top.vhd:424]
INFO: [Synth 8-6157] synthesizing module 'xadc_wiz_0' [C:/Users/polit/Documents/n10489045, N10485571  - FIR Filter Vivado and bit file/06_demo_all_2021/06_demo_all.runs/synth_1/.Xil/Vivado-28092-LAPTOP-EMHK0KK9/realtime/xadc_wiz_0_stub.v:5]
INFO: [Synth 8-6155] done synthesizing module 'xadc_wiz_0' (18#1) [C:/Users/polit/Documents/n10489045, N10485571  - FIR Filter Vivado and bit file/06_demo_all_2021/06_demo_all.runs/synth_1/.Xil/Vivado-28092-LAPTOP-EMHK0KK9/realtime/xadc_wiz_0_stub.v:5]
INFO: [Synth 8-638] synthesizing module 'dbg_pwm_out' [C:/Users/polit/Documents/n10489045, N10485571  - FIR Filter Vivado and bit file/06_demo_all_2021/src/dbg_pwm_out.vhd:28]
	Parameter G_INPUT_BITS bound to: 12 - type: integer 
INFO: [Synth 8-256] done synthesizing module 'dbg_pwm_out' (19#1) [C:/Users/polit/Documents/n10489045, N10485571  - FIR Filter Vivado and bit file/06_demo_all_2021/src/dbg_pwm_out.vhd:28]
INFO: [Synth 8-638] synthesizing module 'PmodOLEDCtrl' [C:/Users/polit/Documents/n10489045, N10485571  - FIR Filter Vivado and bit file/06_demo_all_2021/src/pmod_oled/PmodOLEDCtrl.vhd:42]
	Parameter G_IN_SIM bound to: 0 - type: integer 
INFO: [Synth 8-638] synthesizing module 'OledInit' [C:/Users/polit/Documents/n10489045, N10485571  - FIR Filter Vivado and bit file/06_demo_all_2021/src/pmod_oled/OledInit.vhd:34]
INFO: [Synth 8-3491] module 'SpiCtrl' declared at 'C:/Users/polit/Documents/n10489045, N10485571  - FIR Filter Vivado and bit file/06_demo_all_2021/src/pmod_oled/SpiCtrl.vhd:21' bound to instance 'SPI_COMP' of component 'SpiCtrl' [C:/Users/polit/Documents/n10489045, N10485571  - FIR Filter Vivado and bit file/06_demo_all_2021/src/pmod_oled/OledInit.vhd:106]
INFO: [Synth 8-638] synthesizing module 'SpiCtrl' [C:/Users/polit/Documents/n10489045, N10485571  - FIR Filter Vivado and bit file/06_demo_all_2021/src/pmod_oled/SpiCtrl.vhd:32]
INFO: [Synth 8-256] done synthesizing module 'SpiCtrl' (20#1) [C:/Users/polit/Documents/n10489045, N10485571  - FIR Filter Vivado and bit file/06_demo_all_2021/src/pmod_oled/SpiCtrl.vhd:32]
INFO: [Synth 8-3491] module 'Delay' declared at 'C:/Users/polit/Documents/n10489045, N10485571  - FIR Filter Vivado and bit file/06_demo_all_2021/src/pmod_oled/Delay.vhd:19' bound to instance 'DELAY_COMP' of component 'Delay' [C:/Users/polit/Documents/n10489045, N10485571  - FIR Filter Vivado and bit file/06_demo_all_2021/src/pmod_oled/OledInit.vhd:117]
INFO: [Synth 8-638] synthesizing module 'Delay' [C:/Users/polit/Documents/n10489045, N10485571  - FIR Filter Vivado and bit file/06_demo_all_2021/src/pmod_oled/Delay.vhd:27]
INFO: [Synth 8-256] done synthesizing module 'Delay' (21#1) [C:/Users/polit/Documents/n10489045, N10485571  - FIR Filter Vivado and bit file/06_demo_all_2021/src/pmod_oled/Delay.vhd:27]
INFO: [Synth 8-256] done synthesizing module 'OledInit' (22#1) [C:/Users/polit/Documents/n10489045, N10485571  - FIR Filter Vivado and bit file/06_demo_all_2021/src/pmod_oled/OledInit.vhd:34]
INFO: [Synth 8-638] synthesizing module 'OledUser' [C:/Users/polit/Documents/n10489045, N10485571  - FIR Filter Vivado and bit file/06_demo_all_2021/src/pmod_oled/OledUser.vhd:42]
INFO: [Synth 8-3491] module 'SpiCtrl' declared at 'C:/Users/polit/Documents/n10489045, N10485571  - FIR Filter Vivado and bit file/06_demo_all_2021/src/pmod_oled/SpiCtrl.vhd:21' bound to instance 'PM_SPI_COMP' of component 'SpiCtrl' [C:/Users/polit/Documents/n10489045, N10485571  - FIR Filter Vivado and bit file/06_demo_all_2021/src/pmod_oled/OledUser.vhd:165]
INFO: [Synth 8-3491] module 'mem_oled_char_lib' declared at 'C:/Users/polit/Documents/n10489045, N10485571  - FIR Filter Vivado and bit file/06_demo_all_2021/06_demo_all.runs/synth_1/.Xil/Vivado-28092-LAPTOP-EMHK0KK9/realtime/mem_oled_char_lib_stub.v:6' bound to instance 'PM_CHAR_LIB_COMP' of component 'mem_oled_char_lib' [C:/Users/polit/Documents/n10489045, N10485571  - FIR Filter Vivado and bit file/06_demo_all_2021/src/pmod_oled/OledUser.vhd:186]
INFO: [Synth 8-6157] synthesizing module 'mem_oled_char_lib' [C:/Users/polit/Documents/n10489045, N10485571  - FIR Filter Vivado and bit file/06_demo_all_2021/06_demo_all.runs/synth_1/.Xil/Vivado-28092-LAPTOP-EMHK0KK9/realtime/mem_oled_char_lib_stub.v:6]
INFO: [Synth 8-6155] done synthesizing module 'mem_oled_char_lib' (23#1) [C:/Users/polit/Documents/n10489045, N10485571  - FIR Filter Vivado and bit file/06_demo_all_2021/06_demo_all.runs/synth_1/.Xil/Vivado-28092-LAPTOP-EMHK0KK9/realtime/mem_oled_char_lib_stub.v:6]
INFO: [Synth 8-256] done synthesizing module 'OledUser' (24#1) [C:/Users/polit/Documents/n10489045, N10485571  - FIR Filter Vivado and bit file/06_demo_all_2021/src/pmod_oled/OledUser.vhd:42]
INFO: [Synth 8-226] default block is never used [C:/Users/polit/Documents/n10489045, N10485571  - FIR Filter Vivado and bit file/06_demo_all_2021/src/pmod_oled/PmodOLEDCtrl.vhd:106]
INFO: [Synth 8-256] done synthesizing module 'PmodOLEDCtrl' (25#1) [C:/Users/polit/Documents/n10489045, N10485571  - FIR Filter Vivado and bit file/06_demo_all_2021/src/pmod_oled/PmodOLEDCtrl.vhd:42]
INFO: [Synth 8-256] done synthesizing module 'fpga_top' (26#1) [C:/Users/polit/Documents/n10489045, N10485571  - FIR Filter Vivado and bit file/06_demo_all_2021/src/fpga_top.vhd:59]
---------------------------------------------------------------------------------
Finished RTL Elaboration : Time (s): cpu = 00:00:06 ; elapsed = 00:00:06 . Memory (MB): peak = 1135.441 ; gain = 0.000
---------------------------------------------------------------------------------
---------------------------------------------------------------------------------
Start Handling Custom Attributes
---------------------------------------------------------------------------------
---------------------------------------------------------------------------------
Finished Handling Custom Attributes : Time (s): cpu = 00:00:07 ; elapsed = 00:00:07 . Memory (MB): peak = 1135.441 ; gain = 0.000
---------------------------------------------------------------------------------
---------------------------------------------------------------------------------
Finished RTL Optimization Phase 1 : Time (s): cpu = 00:00:07 ; elapsed = 00:00:07 . Memory (MB): peak = 1135.441 ; gain = 0.000
---------------------------------------------------------------------------------
Netlist sorting complete. Time (s): cpu = 00:00:00 ; elapsed = 00:00:00.059 . Memory (MB): peak = 1135.441 ; gain = 0.000
INFO: [Project 1-570] Preparing netlist for logic optimization

Processing XDC Constraints
Initializing timing engine
Parsing XDC File [c:/Users/polit/Documents/n10489045, N10485571  - FIR Filter Vivado and bit file/06_demo_all_2021/src_ip/mem_oled_char_lib/mem_oled_char_lib/mem_oled_char_lib_in_context.xdc] for cell 'PM_OLED/PM_UserDisp/PM_CHAR_LIB_COMP'
Finished Parsing XDC File [c:/Users/polit/Documents/n10489045, N10485571  - FIR Filter Vivado and bit file/06_demo_all_2021/src_ip/mem_oled_char_lib/mem_oled_char_lib/mem_oled_char_lib_in_context.xdc] for cell 'PM_OLED/PM_UserDisp/PM_CHAR_LIB_COMP'
Parsing XDC File [c:/Users/polit/Documents/n10489045, N10485571  - FIR Filter Vivado and bit file/06_demo_all_2021/src_ip/xadc_wiz_0/xadc_wiz_0/xadc_wiz_0_in_context.xdc] for cell 'PM_XADC'
Finished Parsing XDC File [c:/Users/polit/Documents/n10489045, N10485571  - FIR Filter Vivado and bit file/06_demo_all_2021/src_ip/xadc_wiz_0/xadc_wiz_0/xadc_wiz_0_in_context.xdc] for cell 'PM_XADC'
Parsing XDC File [c:/Users/polit/Documents/n10489045, N10485571  - FIR Filter Vivado and bit file/06_demo_all_2021/src_ip/clk_wiz_0/clk_wiz_0/clk_wiz_0_in_context.xdc] for cell 'PM_PLL'
Finished Parsing XDC File [c:/Users/polit/Documents/n10489045, N10485571  - FIR Filter Vivado and bit file/06_demo_all_2021/src_ip/clk_wiz_0/clk_wiz_0/clk_wiz_0_in_context.xdc] for cell 'PM_PLL'
Parsing XDC File [C:/Users/polit/Documents/n10489045, N10485571  - FIR Filter Vivado and bit file/06_demo_all_2021/src/fpga_constraints.xdc]
WARNING: [Vivado 12-507] No nets matched 'rst_n_IBUF'. [C:/Users/polit/Documents/n10489045, N10485571  - FIR Filter Vivado and bit file/06_demo_all_2021/src/fpga_constraints.xdc:11]
WARNING: [Vivado 12-508] No pins matched 'PM_PLL/inst/mmcm_adv_inst/CLKOUT1'. [C:/Users/polit/Documents/n10489045, N10485571  - FIR Filter Vivado and bit file/06_demo_all_2021/src/fpga_constraints.xdc:105]
WARNING: [Vivado 12-508] No pins matched 'PM_PLL/inst/mmcm_adv_inst/CLKOUT0'. [C:/Users/polit/Documents/n10489045, N10485571  - FIR Filter Vivado and bit file/06_demo_all_2021/src/fpga_constraints.xdc:106]
Finished Parsing XDC File [C:/Users/polit/Documents/n10489045, N10485571  - FIR Filter Vivado and bit file/06_demo_all_2021/src/fpga_constraints.xdc]
WARNING: [Project 1-498] One or more constraints failed evaluation while reading constraint file [C:/Users/polit/Documents/n10489045, N10485571  - FIR Filter Vivado and bit file/06_demo_all_2021/src/fpga_constraints.xdc] and the design contains unresolved black boxes. These constraints will be read post-synthesis (as long as their source constraint file is marked as used_in_implementation) and should be applied correctly then. You should review the constraints listed in the file [.Xil/fpga_top_propImpl.xdc] and check the run log file to verify that these constraints were correctly applied.
INFO: [Project 1-236] Implementation specific constraints were found while reading constraint file [C:/Users/polit/Documents/n10489045, N10485571  - FIR Filter Vivado and bit file/06_demo_all_2021/src/fpga_constraints.xdc]. These constraints will be ignored for synthesis but will be used in implementation. Impacted constraints are listed in the file [.Xil/fpga_top_propImpl.xdc].
Resolution: To avoid this warning, move constraints listed in [.Xil/fpga_top_propImpl.xdc] to another XDC file and exclude this new file from synthesis with the used_in_synthesis property (File Properties dialog in GUI) and re-run elaboration/synthesis.
Completed Processing XDC Constraints

Netlist sorting complete. Time (s): cpu = 00:00:00 ; elapsed = 00:00:00.002 . Memory (MB): peak = 1147.703 ; gain = 0.000
INFO: [Project 1-111] Unisim Transformation Summary:
No Unisim elements were transformed.

Constraint Validation Runtime : Time (s): cpu = 00:00:00 ; elapsed = 00:00:00.025 . Memory (MB): peak = 1147.703 ; gain = 0.000
WARNING: [Timing 38-316] Clock period '20.000' specified during out-of-context synthesis of instance 'PM_OLED/PM_UserDisp/PM_CHAR_LIB_COMP' at clock pin 'clka' is different from the actual clock period '10.000', this can lead to different synthesis results.
---------------------------------------------------------------------------------
Finished Constraint Validation : Time (s): cpu = 00:00:14 ; elapsed = 00:00:14 . Memory (MB): peak = 1152.703 ; gain = 17.262
---------------------------------------------------------------------------------
---------------------------------------------------------------------------------
Start Loading Part and Timing Information
---------------------------------------------------------------------------------
Loading part: xc7a35ticsg324-1L
---------------------------------------------------------------------------------
Finished Loading Part and Timing Information : Time (s): cpu = 00:00:14 ; elapsed = 00:00:14 . Memory (MB): peak = 1152.703 ; gain = 17.262
---------------------------------------------------------------------------------
---------------------------------------------------------------------------------
Start Applying 'set_property' XDC Constraints
---------------------------------------------------------------------------------
Applied set_property IO_BUFFER_TYPE = NONE for clk_pad. (constraint file  {c:/Users/polit/Documents/n10489045, N10485571  - FIR Filter Vivado and bit file/06_demo_all_2021/src_ip/clk_wiz_0/clk_wiz_0/clk_wiz_0_in_context.xdc}, line 4).
Applied set_property CLOCK_BUFFER_TYPE = NONE for clk_pad. (constraint file  {c:/Users/polit/Documents/n10489045, N10485571  - FIR Filter Vivado and bit file/06_demo_all_2021/src_ip/clk_wiz_0/clk_wiz_0/clk_wiz_0_in_context.xdc}, line 5).
Applied set_property KEEP_HIERARCHY = SOFT for PM_OLED/PM_UserDisp/PM_CHAR_LIB_COMP. (constraint file  auto generated constraint).
Applied set_property KEEP_HIERARCHY = SOFT for PM_XADC. (constraint file  auto generated constraint).
Applied set_property KEEP_HIERARCHY = SOFT for PM_PLL. (constraint file  auto generated constraint).
---------------------------------------------------------------------------------
Finished applying 'set_property' XDC Constraints : Time (s): cpu = 00:00:14 ; elapsed = 00:00:14 . Memory (MB): peak = 1152.703 ; gain = 17.262
---------------------------------------------------------------------------------
INFO: [Synth 8-802] inferred FSM for state register 'state_reg' in module 'i2c_master'
INFO: [Synth 8-802] inferred FSM for state register 'state_reg' in module 'spi_master'
INFO: [Synth 8-802] inferred FSM for state register 'fsm_rx_state_reg' in module 'uart_rx'
INFO: [Synth 8-802] inferred FSM for state register 'current_state_reg' in module 'SpiCtrl'
INFO: [Synth 8-802] inferred FSM for state register 'current_state_reg' in module 'Delay'
INFO: [Synth 8-802] inferred FSM for state register 'current_state_reg' in module 'PmodOLEDCtrl'
---------------------------------------------------------------------------------------------------
                   State |                     New Encoding |                Previous Encoding 
---------------------------------------------------------------------------------------------------
                   ready |                        000000001 |                             0000
                   start |                        000000010 |                             0001
                 command |                        000000100 |                             0010
                slv_ack1 |                        000001000 |                             0011
                      wr |                        000010000 |                             0100
                slv_ack2 |                        000100000 |                             0110
                      rd |                        001000000 |                             0101
                mstr_ack |                        010000000 |                             0111
                    stop |                        100000000 |                             1000
---------------------------------------------------------------------------------------------------
INFO: [Synth 8-3354] encoded FSM with state register 'state_reg' using encoding 'one-hot' in module 'i2c_master'
---------------------------------------------------------------------------------------------------
                   State |                     New Encoding |                Previous Encoding 
---------------------------------------------------------------------------------------------------
                    idle |                              000 |                              000
                 waiting |                              001 |                              001
                 writing |                              010 |                              010
               write_end |                              011 |                              011
                  iSTATE |                              100 |                              111
                 reading |                              101 |                              100
                read_end |                              110 |                              101
---------------------------------------------------------------------------------------------------
INFO: [Synth 8-3354] encoded FSM with state register 'state_reg' using encoding 'sequential' in module 'spi_master'
---------------------------------------------------------------------------------------------------
                   State |                     New Encoding |                Previous Encoding 
---------------------------------------------------------------------------------------------------
                 rx_idle |                              001 |                               00
                 rx_data |                              010 |                               01
                 rx_stop |                              100 |                               10
---------------------------------------------------------------------------------------------------
INFO: [Synth 8-3354] encoded FSM with state register 'fsm_rx_state_reg' using encoding 'one-hot' in module 'uart_rx'
---------------------------------------------------------------------------------------------------
                   State |                     New Encoding |                Previous Encoding 
---------------------------------------------------------------------------------------------------
                    idle |                              000 |                              000
                    send |                              001 |                              001
                   hold1 |                              010 |                              010
                   hold2 |                              011 |                              011
                   hold3 |                              100 |                              100
                   hold4 |                              101 |                              101
                    done |                              110 |                              110
                  iSTATE |                              111 |                              111
*
---------------------------------------------------------------------------------------------------
INFO: [Synth 8-3354] encoded FSM with state register 'current_state_reg' using encoding 'sequential' in module 'SpiCtrl'
---------------------------------------------------------------------------------------------------
                   State |                     New Encoding |                Previous Encoding 
---------------------------------------------------------------------------------------------------
                    idle |                             0001 |                               00
                    hold |                             0010 |                               01
                    done |                             0100 |                               10
                  iSTATE |                             1000 |                               11
*
---------------------------------------------------------------------------------------------------
INFO: [Synth 8-3354] encoded FSM with state register 'current_state_reg' using encoding 'one-hot' in module 'Delay'
---------------------------------------------------------------------------------------------------
                   State |                     New Encoding |                Previous Encoding 
---------------------------------------------------------------------------------------------------
                    idle |                             0001 |                               00
          oledinitialize |                             0010 |                               01
                oleduser |                             0100 |                               10
                    done |                             1000 |                               11
---------------------------------------------------------------------------------------------------
INFO: [Synth 8-3354] encoded FSM with state register 'current_state_reg' using encoding 'one-hot' in module 'PmodOLEDCtrl'
WARNING: [Synth 8-327] inferring latch for variable 'di_in_reg' [C:/Users/polit/Documents/n10489045, N10485571  - FIR Filter Vivado and bit file/06_demo_all_2021/src/fpga_top.vhd:426]
WARNING: [Synth 8-327] inferring latch for variable 'dwe_in_reg' [C:/Users/polit/Documents/n10489045, N10485571  - FIR Filter Vivado and bit file/06_demo_all_2021/src/fpga_top.vhd:429]
---------------------------------------------------------------------------------
Finished RTL Optimization Phase 2 : Time (s): cpu = 00:00:16 ; elapsed = 00:00:16 . Memory (MB): peak = 1152.703 ; gain = 17.262
---------------------------------------------------------------------------------
---------------------------------------------------------------------------------
Start RTL Component Statistics 
---------------------------------------------------------------------------------
Detailed RTL Component Info : 
+---Adders : 
	   2 Input   32 Bit       Adders := 2     
	   3 Input   12 Bit       Adders := 1     
	   2 Input   12 Bit       Adders := 20    
	   2 Input   10 Bit       Adders := 5     
	   2 Input    8 Bit       Adders := 1     
	   2 Input    7 Bit       Adders := 2     
	   2 Input    5 Bit       Adders := 3     
	   2 Input    4 Bit       Adders := 11    
	   2 Input    3 Bit       Adders := 1     
	   2 Input    2 Bit       Adders := 1     
+---Registers : 
	               32 Bit    Registers := 2     
	               24 Bit    Registers := 7     
	               16 Bit    Registers := 3     
	               12 Bit    Registers := 4     
	               11 Bit    Registers := 1     
	               10 Bit    Registers := 6     
	                8 Bit    Registers := 155   
	                7 Bit    Registers := 4     
	                5 Bit    Registers := 10    
	                4 Bit    Registers := 13    
	                3 Bit    Registers := 3     
	                2 Bit    Registers := 3     
	                1 Bit    Registers := 92    
+---RAMs : 
	              128 Bit	(16 X 8 bit)          RAMs := 3     
+---Muxes : 
	   2 Input   32 Bit        Muxes := 1     
	   7 Input   32 Bit        Muxes := 1     
	   6 Input   32 Bit        Muxes := 1     
	  25 Input   32 Bit        Muxes := 2     
	   2 Input   16 Bit        Muxes := 1     
	   7 Input   16 Bit        Muxes := 1     
	   2 Input   12 Bit        Muxes := 4     
	  26 Input   11 Bit        Muxes := 1     
	   2 Input   10 Bit        Muxes := 2     
	   9 Input    9 Bit        Muxes := 1     
	   2 Input    9 Bit        Muxes := 9     
	   6 Input    8 Bit        Muxes := 2     
	   2 Input    8 Bit        Muxes := 8     
	  10 Input    8 Bit        Muxes := 1     
	   4 Input    8 Bit        Muxes := 17    
	   3 Input    8 Bit        Muxes := 1     
	   8 Input    8 Bit        Muxes := 1     
	  28 Input    8 Bit        Muxes := 1     
	  26 Input    8 Bit        Muxes := 1     
	  16 Input    8 Bit        Muxes := 1     
	   2 Input    7 Bit        Muxes := 1     
	   2 Input    5 Bit        Muxes := 3     
	  28 Input    5 Bit        Muxes := 1     
	  26 Input    5 Bit        Muxes := 3     
	   2 Input    4 Bit        Muxes := 7     
	  10 Input    4 Bit        Muxes := 1     
	   4 Input    4 Bit        Muxes := 2     
	   2 Input    3 Bit        Muxes := 5     
	   6 Input    3 Bit        Muxes := 2     
	   8 Input    3 Bit        Muxes := 2     
	   7 Input    3 Bit        Muxes := 1     
	   4 Input    2 Bit        Muxes := 2     
	  26 Input    2 Bit        Muxes := 1     
	   2 Input    2 Bit        Muxes := 1     
	   2 Input    1 Bit        Muxes := 143   
	   4 Input    1 Bit        Muxes := 10    
	   3 Input    1 Bit        Muxes := 8     
	   9 Input    1 Bit        Muxes := 7     
	   6 Input    1 Bit        Muxes := 9     
	  10 Input    1 Bit        Muxes := 7     
	   7 Input    1 Bit        Muxes := 12    
	   8 Input    1 Bit        Muxes := 3     
	  28 Input    1 Bit        Muxes := 10    
	  26 Input    1 Bit        Muxes := 8     
	  25 Input    1 Bit        Muxes := 1     
---------------------------------------------------------------------------------
Finished RTL Component Statistics 
---------------------------------------------------------------------------------
---------------------------------------------------------------------------------
Start Part Resource Summary
---------------------------------------------------------------------------------
Part Resources:
DSPs: 90 (col length:60)
BRAMs: 100 (col length: RAMB18 60 RAMB36 30)
---------------------------------------------------------------------------------
Finished Part Resource Summary
---------------------------------------------------------------------------------
---------------------------------------------------------------------------------
Start Cross Boundary and Area Optimization
---------------------------------------------------------------------------------
DSP Report: Generating DSP PM_MYFILTER/PM_FILTER_TEST/M[0], operation Mode is: A*(B:0x3fff3).
DSP Report: operator PM_MYFILTER/PM_FILTER_TEST/M[0] is absorbed into DSP PM_MYFILTER/PM_FILTER_TEST/M[0].
DSP Report: Generating DSP PM_MYFILTER/PM_FILTER_TEST/fIR_fflops[2].Q_array_reg[2], operation Mode is: PCIN+A*(B:0x3ffd5).
DSP Report: register PM_MYFILTER/PM_FILTER_TEST/fIR_fflops[2].Q_array_reg[2] is absorbed into DSP PM_MYFILTER/PM_FILTER_TEST/fIR_fflops[2].Q_array_reg[2].
DSP Report: operator PM_MYFILTER/PM_FILTER_TEST/added[1] is absorbed into DSP PM_MYFILTER/PM_FILTER_TEST/fIR_fflops[2].Q_array_reg[2].
DSP Report: operator PM_MYFILTER/PM_FILTER_TEST/M[1] is absorbed into DSP PM_MYFILTER/PM_FILTER_TEST/fIR_fflops[2].Q_array_reg[2].
DSP Report: Generating DSP PM_MYFILTER/PM_FILTER_TEST/fIR_fflops[3].Q_array_reg[3], operation Mode is: PCIN+A*(B:0x3ffa7).
DSP Report: register PM_MYFILTER/PM_FILTER_TEST/fIR_fflops[3].Q_array_reg[3] is absorbed into DSP PM_MYFILTER/PM_FILTER_TEST/fIR_fflops[3].Q_array_reg[3].
DSP Report: operator PM_MYFILTER/PM_FILTER_TEST/added[2] is absorbed into DSP PM_MYFILTER/PM_FILTER_TEST/fIR_fflops[3].Q_array_reg[3].
DSP Report: operator PM_MYFILTER/PM_FILTER_TEST/M[2] is absorbed into DSP PM_MYFILTER/PM_FILTER_TEST/fIR_fflops[3].Q_array_reg[3].
DSP Report: Generating DSP PM_MYFILTER/PM_FILTER_TEST/fIR_fflops[4].Q_array_reg[4], operation Mode is: (PCIN+(A:0x3fffff6d)*B)'.
DSP Report: register PM_MYFILTER/PM_FILTER_TEST/fIR_fflops[4].Q_array_reg[4] is absorbed into DSP PM_MYFILTER/PM_FILTER_TEST/fIR_fflops[4].Q_array_reg[4].
DSP Report: operator PM_MYFILTER/PM_FILTER_TEST/added[3] is absorbed into DSP PM_MYFILTER/PM_FILTER_TEST/fIR_fflops[4].Q_array_reg[4].
DSP Report: operator PM_MYFILTER/PM_FILTER_TEST/M[3] is absorbed into DSP PM_MYFILTER/PM_FILTER_TEST/fIR_fflops[4].Q_array_reg[4].
DSP Report: Generating DSP PM_MYFILTER/PM_FILTER_TEST/fIR_fflops[5].Q_array_reg[5], operation Mode is: (PCIN+(A:0x3fffff33)*B)'.
DSP Report: register PM_MYFILTER/PM_FILTER_TEST/fIR_fflops[5].Q_array_reg[5] is absorbed into DSP PM_MYFILTER/PM_FILTER_TEST/fIR_fflops[5].Q_array_reg[5].
DSP Report: operator PM_MYFILTER/PM_FILTER_TEST/added[4] is absorbed into DSP PM_MYFILTER/PM_FILTER_TEST/fIR_fflops[5].Q_array_reg[5].
DSP Report: operator PM_MYFILTER/PM_FILTER_TEST/M[4] is absorbed into DSP PM_MYFILTER/PM_FILTER_TEST/fIR_fflops[5].Q_array_reg[5].
DSP Report: Generating DSP PM_MYFILTER/PM_FILTER_TEST/fIR_fflops[6].Q_array_reg[6], operation Mode is: (PCIN+(A:0x3fffff07)*B)'.
DSP Report: register PM_MYFILTER/PM_FILTER_TEST/fIR_fflops[6].Q_array_reg[6] is absorbed into DSP PM_MYFILTER/PM_FILTER_TEST/fIR_fflops[6].Q_array_reg[6].
DSP Report: operator PM_MYFILTER/PM_FILTER_TEST/added[5] is absorbed into DSP PM_MYFILTER/PM_FILTER_TEST/fIR_fflops[6].Q_array_reg[6].
DSP Report: operator PM_MYFILTER/PM_FILTER_TEST/M[5] is absorbed into DSP PM_MYFILTER/PM_FILTER_TEST/fIR_fflops[6].Q_array_reg[6].
DSP Report: Generating DSP PM_MYFILTER/PM_FILTER_TEST/fIR_fflops[7].Q_array_reg[7], operation Mode is: (PCIN+(A:0x3fffff03)*B)'.
DSP Report: register PM_MYFILTER/PM_FILTER_TEST/fIR_fflops[7].Q_array_reg[7] is absorbed into DSP PM_MYFILTER/PM_FILTER_TEST/fIR_fflops[7].Q_array_reg[7].
DSP Report: operator PM_MYFILTER/PM_FILTER_TEST/added[6] is absorbed into DSP PM_MYFILTER/PM_FILTER_TEST/fIR_fflops[7].Q_array_reg[7].
DSP Report: operator PM_MYFILTER/PM_FILTER_TEST/M[6] is absorbed into DSP PM_MYFILTER/PM_FILTER_TEST/fIR_fflops[7].Q_array_reg[7].
DSP Report: Generating DSP PM_MYFILTER/PM_FILTER_TEST/fIR_fflops[8].Q_array_reg[8], operation Mode is: (PCIN+(A:0x3fffff3f)*B)'.
DSP Report: register PM_MYFILTER/PM_FILTER_TEST/fIR_fflops[8].Q_array_reg[8] is absorbed into DSP PM_MYFILTER/PM_FILTER_TEST/fIR_fflops[8].Q_array_reg[8].
DSP Report: operator PM_MYFILTER/PM_FILTER_TEST/added[7] is absorbed into DSP PM_MYFILTER/PM_FILTER_TEST/fIR_fflops[8].Q_array_reg[8].
DSP Report: operator PM_MYFILTER/PM_FILTER_TEST/M[7] is absorbed into DSP PM_MYFILTER/PM_FILTER_TEST/fIR_fflops[8].Q_array_reg[8].
DSP Report: Generating DSP PM_MYFILTER/PM_FILTER_TEST/fIR_fflops[9].Q_array_reg[9], operation Mode is: PCIN+A*(B:0x3ffcf).
DSP Report: register PM_MYFILTER/PM_FILTER_TEST/fIR_fflops[9].Q_array_reg[9] is absorbed into DSP PM_MYFILTER/PM_FILTER_TEST/fIR_fflops[9].Q_array_reg[9].
DSP Report: operator PM_MYFILTER/PM_FILTER_TEST/added[8] is absorbed into DSP PM_MYFILTER/PM_FILTER_TEST/fIR_fflops[9].Q_array_reg[9].
DSP Report: operator PM_MYFILTER/PM_FILTER_TEST/M[8] is absorbed into DSP PM_MYFILTER/PM_FILTER_TEST/fIR_fflops[9].Q_array_reg[9].
DSP Report: Generating DSP PM_MYFILTER/PM_FILTER_TEST/fIR_fflops[10].Q_array_reg[10], operation Mode is: (PCIN+(A:0xc3)*B)'.
DSP Report: register PM_MYFILTER/PM_FILTER_TEST/fIR_fflops[10].Q_array_reg[10] is absorbed into DSP PM_MYFILTER/PM_FILTER_TEST/fIR_fflops[10].Q_array_reg[10].
DSP Report: operator PM_MYFILTER/PM_FILTER_TEST/added[9] is absorbed into DSP PM_MYFILTER/PM_FILTER_TEST/fIR_fflops[10].Q_array_reg[10].
DSP Report: operator PM_MYFILTER/PM_FILTER_TEST/M[9] is absorbed into DSP PM_MYFILTER/PM_FILTER_TEST/fIR_fflops[10].Q_array_reg[10].
DSP Report: Generating DSP PM_MYFILTER/PM_FILTER_TEST/fIR_fflops[11].Q_array_reg[11], operation Mode is: (PCIN+(A:0x220)*B)'.
DSP Report: register PM_MYFILTER/PM_FILTER_TEST/fIR_fflops[11].Q_array_reg[11] is absorbed into DSP PM_MYFILTER/PM_FILTER_TEST/fIR_fflops[11].Q_array_reg[11].
DSP Report: operator PM_MYFILTER/PM_FILTER_TEST/added[10] is absorbed into DSP PM_MYFILTER/PM_FILTER_TEST/fIR_fflops[11].Q_array_reg[11].
DSP Report: operator PM_MYFILTER/PM_FILTER_TEST/M[10] is absorbed into DSP PM_MYFILTER/PM_FILTER_TEST/fIR_fflops[11].Q_array_reg[11].
DSP Report: Generating DSP PM_MYFILTER/PM_FILTER_TEST/fIR_fflops[12].Q_array_reg[12], operation Mode is: (PCIN+(A:0x3dc)*B)'.
DSP Report: register PM_MYFILTER/PM_FILTER_TEST/fIR_fflops[12].Q_array_reg[12] is absorbed into DSP PM_MYFILTER/PM_FILTER_TEST/fIR_fflops[12].Q_array_reg[12].
DSP Report: operator PM_MYFILTER/PM_FILTER_TEST/added[11] is absorbed into DSP PM_MYFILTER/PM_FILTER_TEST/fIR_fflops[12].Q_array_reg[12].
DSP Report: operator PM_MYFILTER/PM_FILTER_TEST/M[11] is absorbed into DSP PM_MYFILTER/PM_FILTER_TEST/fIR_fflops[12].Q_array_reg[12].
DSP Report: Generating DSP PM_MYFILTER/PM_FILTER_TEST/fIR_fflops[13].Q_array_reg[13], operation Mode is: (PCIN+(A:0x5db)*B)'.
DSP Report: register PM_MYFILTER/PM_FILTER_TEST/fIR_fflops[13].Q_array_reg[13] is absorbed into DSP PM_MYFILTER/PM_FILTER_TEST/fIR_fflops[13].Q_array_reg[13].
DSP Report: operator PM_MYFILTER/PM_FILTER_TEST/added[12] is absorbed into DSP PM_MYFILTER/PM_FILTER_TEST/fIR_fflops[13].Q_array_reg[13].
DSP Report: operator PM_MYFILTER/PM_FILTER_TEST/M[12] is absorbed into DSP PM_MYFILTER/PM_FILTER_TEST/fIR_fflops[13].Q_array_reg[13].
DSP Report: Generating DSP PM_MYFILTER/PM_FILTER_TEST/fIR_fflops[14].Q_array_reg[14], operation Mode is: (PCIN+(A:0x7f8)*B)'.
DSP Report: register PM_MYFILTER/PM_FILTER_TEST/fIR_fflops[14].Q_array_reg[14] is absorbed into DSP PM_MYFILTER/PM_FILTER_TEST/fIR_fflops[14].Q_array_reg[14].
DSP Report: operator PM_MYFILTER/PM_FILTER_TEST/added[13] is absorbed into DSP PM_MYFILTER/PM_FILTER_TEST/fIR_fflops[14].Q_array_reg[14].
DSP Report: operator PM_MYFILTER/PM_FILTER_TEST/M[13] is absorbed into DSP PM_MYFILTER/PM_FILTER_TEST/fIR_fflops[14].Q_array_reg[14].
DSP Report: Generating DSP PM_MYFILTER/PM_FILTER_TEST/fIR_fflops[15].Q_array_reg[15], operation Mode is: (PCIN+(A:0xa01)*B)'.
DSP Report: register PM_MYFILTER/PM_FILTER_TEST/fIR_fflops[15].Q_array_reg[15] is absorbed into DSP PM_MYFILTER/PM_FILTER_TEST/fIR_fflops[15].Q_array_reg[15].
DSP Report: operator PM_MYFILTER/PM_FILTER_TEST/added[14] is absorbed into DSP PM_MYFILTER/PM_FILTER_TEST/fIR_fflops[15].Q_array_reg[15].
DSP Report: operator PM_MYFILTER/PM_FILTER_TEST/M[14] is absorbed into DSP PM_MYFILTER/PM_FILTER_TEST/fIR_fflops[15].Q_array_reg[15].
DSP Report: Generating DSP PM_MYFILTER/PM_FILTER_TEST/fIR_fflops[16].Q_array_reg[16], operation Mode is: (PCIN+(A:0xbc2)*B)'.
DSP Report: register PM_MYFILTER/PM_FILTER_TEST/fIR_fflops[16].Q_array_reg[16] is absorbed into DSP PM_MYFILTER/PM_FILTER_TEST/fIR_fflops[16].Q_array_reg[16].
DSP Report: operator PM_MYFILTER/PM_FILTER_TEST/added[15] is absorbed into DSP PM_MYFILTER/PM_FILTER_TEST/fIR_fflops[16].Q_array_reg[16].
DSP Report: operator PM_MYFILTER/PM_FILTER_TEST/M[15] is absorbed into DSP PM_MYFILTER/PM_FILTER_TEST/fIR_fflops[16].Q_array_reg[16].
DSP Report: Generating DSP PM_MYFILTER/PM_FILTER_TEST/fIR_fflops[17].Q_array_reg[17], operation Mode is: (PCIN+(A:0xd0d)*B)'.
DSP Report: register PM_MYFILTER/PM_FILTER_TEST/fIR_fflops[17].Q_array_reg[17] is absorbed into DSP PM_MYFILTER/PM_FILTER_TEST/fIR_fflops[17].Q_array_reg[17].
DSP Report: operator PM_MYFILTER/PM_FILTER_TEST/added[16] is absorbed into DSP PM_MYFILTER/PM_FILTER_TEST/fIR_fflops[17].Q_array_reg[17].
DSP Report: operator PM_MYFILTER/PM_FILTER_TEST/M[16] is absorbed into DSP PM_MYFILTER/PM_FILTER_TEST/fIR_fflops[17].Q_array_reg[17].
DSP Report: Generating DSP PM_MYFILTER/PM_FILTER_TEST/fIR_fflops[18].Q_array_reg[18], operation Mode is: (PCIN+(A:0xdbc)*B)'.
DSP Report: register PM_MYFILTER/PM_FILTER_TEST/fIR_fflops[18].Q_array_reg[18] is absorbed into DSP PM_MYFILTER/PM_FILTER_TEST/fIR_fflops[18].Q_array_reg[18].
DSP Report: operator PM_MYFILTER/PM_FILTER_TEST/added[17] is absorbed into DSP PM_MYFILTER/PM_FILTER_TEST/fIR_fflops[18].Q_array_reg[18].
DSP Report: operator PM_MYFILTER/PM_FILTER_TEST/M[17] is absorbed into DSP PM_MYFILTER/PM_FILTER_TEST/fIR_fflops[18].Q_array_reg[18].
DSP Report: Generating DSP PM_MYFILTER/PM_FILTER_TEST/fIR_fflops[19].Q_array_reg[19], operation Mode is: (PCIN+(A:0xdbc)*B)'.
DSP Report: register PM_MYFILTER/PM_FILTER_TEST/fIR_fflops[19].Q_array_reg[19] is absorbed into DSP PM_MYFILTER/PM_FILTER_TEST/fIR_fflops[19].Q_array_reg[19].
DSP Report: operator PM_MYFILTER/PM_FILTER_TEST/added[18] is absorbed into DSP PM_MYFILTER/PM_FILTER_TEST/fIR_fflops[19].Q_array_reg[19].
DSP Report: operator PM_MYFILTER/PM_FILTER_TEST/M[17] is absorbed into DSP PM_MYFILTER/PM_FILTER_TEST/fIR_fflops[19].Q_array_reg[19].
DSP Report: Generating DSP PM_MYFILTER/PM_FILTER_TEST/fIR_fflops[20].Q_array_reg[20], operation Mode is: (PCIN+(A:0xd0d)*B)'.
DSP Report: register PM_MYFILTER/PM_FILTER_TEST/fIR_fflops[20].Q_array_reg[20] is absorbed into DSP PM_MYFILTER/PM_FILTER_TEST/fIR_fflops[20].Q_array_reg[20].
DSP Report: operator PM_MYFILTER/PM_FILTER_TEST/added[19] is absorbed into DSP PM_MYFILTER/PM_FILTER_TEST/fIR_fflops[20].Q_array_reg[20].
DSP Report: operator PM_MYFILTER/PM_FILTER_TEST/M[16] is absorbed into DSP PM_MYFILTER/PM_FILTER_TEST/fIR_fflops[20].Q_array_reg[20].
DSP Report: Generating DSP PM_MYFILTER/PM_FILTER_TEST/fIR_fflops[21].Q_array_reg[21], operation Mode is: (PCIN+(A:0xbc2)*B)'.
DSP Report: register PM_MYFILTER/PM_FILTER_TEST/fIR_fflops[21].Q_array_reg[21] is absorbed into DSP PM_MYFILTER/PM_FILTER_TEST/fIR_fflops[21].Q_array_reg[21].
DSP Report: operator PM_MYFILTER/PM_FILTER_TEST/added[20] is absorbed into DSP PM_MYFILTER/PM_FILTER_TEST/fIR_fflops[21].Q_array_reg[21].
DSP Report: operator PM_MYFILTER/PM_FILTER_TEST/M[15] is absorbed into DSP PM_MYFILTER/PM_FILTER_TEST/fIR_fflops[21].Q_array_reg[21].
DSP Report: Generating DSP PM_MYFILTER/PM_FILTER_TEST/fIR_fflops[22].Q_array_reg[22], operation Mode is: (PCIN+(A:0xa01)*B)'.
DSP Report: register PM_MYFILTER/PM_FILTER_TEST/fIR_fflops[22].Q_array_reg[22] is absorbed into DSP PM_MYFILTER/PM_FILTER_TEST/fIR_fflops[22].Q_array_reg[22].
DSP Report: operator PM_MYFILTER/PM_FILTER_TEST/added[21] is absorbed into DSP PM_MYFILTER/PM_FILTER_TEST/fIR_fflops[22].Q_array_reg[22].
DSP Report: operator PM_MYFILTER/PM_FILTER_TEST/M[14] is absorbed into DSP PM_MYFILTER/PM_FILTER_TEST/fIR_fflops[22].Q_array_reg[22].
DSP Report: Generating DSP PM_MYFILTER/PM_FILTER_TEST/fIR_fflops[23].Q_array_reg[23], operation Mode is: (PCIN+(A:0x7f8)*B)'.
DSP Report: register PM_MYFILTER/PM_FILTER_TEST/fIR_fflops[23].Q_array_reg[23] is absorbed into DSP PM_MYFILTER/PM_FILTER_TEST/fIR_fflops[23].Q_array_reg[23].
DSP Report: operator PM_MYFILTER/PM_FILTER_TEST/added[22] is absorbed into DSP PM_MYFILTER/PM_FILTER_TEST/fIR_fflops[23].Q_array_reg[23].
DSP Report: operator PM_MYFILTER/PM_FILTER_TEST/M[13] is absorbed into DSP PM_MYFILTER/PM_FILTER_TEST/fIR_fflops[23].Q_array_reg[23].
DSP Report: Generating DSP PM_MYFILTER/PM_FILTER_TEST/fIR_fflops[24].Q_array_reg[24], operation Mode is: (PCIN+(A:0x5db)*B)'.
DSP Report: register PM_MYFILTER/PM_FILTER_TEST/fIR_fflops[24].Q_array_reg[24] is absorbed into DSP PM_MYFILTER/PM_FILTER_TEST/fIR_fflops[24].Q_array_reg[24].
DSP Report: operator PM_MYFILTER/PM_FILTER_TEST/added[23] is absorbed into DSP PM_MYFILTER/PM_FILTER_TEST/fIR_fflops[24].Q_array_reg[24].
DSP Report: operator PM_MYFILTER/PM_FILTER_TEST/M[12] is absorbed into DSP PM_MYFILTER/PM_FILTER_TEST/fIR_fflops[24].Q_array_reg[24].
DSP Report: Generating DSP PM_MYFILTER/PM_FILTER_TEST/fIR_fflops[25].Q_array_reg[25], operation Mode is: (PCIN+(A:0x3dc)*B)'.
DSP Report: register PM_MYFILTER/PM_FILTER_TEST/fIR_fflops[25].Q_array_reg[25] is absorbed into DSP PM_MYFILTER/PM_FILTER_TEST/fIR_fflops[25].Q_array_reg[25].
DSP Report: operator PM_MYFILTER/PM_FILTER_TEST/added[24] is absorbed into DSP PM_MYFILTER/PM_FILTER_TEST/fIR_fflops[25].Q_array_reg[25].
DSP Report: operator PM_MYFILTER/PM_FILTER_TEST/M[11] is absorbed into DSP PM_MYFILTER/PM_FILTER_TEST/fIR_fflops[25].Q_array_reg[25].
DSP Report: Generating DSP PM_MYFILTER/PM_FILTER_TEST/fIR_fflops[26].Q_array_reg[26], operation Mode is: (PCIN+(A:0x220)*B)'.
DSP Report: register PM_MYFILTER/PM_FILTER_TEST/fIR_fflops[26].Q_array_reg[26] is absorbed into DSP PM_MYFILTER/PM_FILTER_TEST/fIR_fflops[26].Q_array_reg[26].
DSP Report: operator PM_MYFILTER/PM_FILTER_TEST/added[25] is absorbed into DSP PM_MYFILTER/PM_FILTER_TEST/fIR_fflops[26].Q_array_reg[26].
DSP Report: operator PM_MYFILTER/PM_FILTER_TEST/M[10] is absorbed into DSP PM_MYFILTER/PM_FILTER_TEST/fIR_fflops[26].Q_array_reg[26].
---------------------------------------------------------------------------------
Finished Cross Boundary and Area Optimization : Time (s): cpu = 00:00:28 ; elapsed = 00:00:28 . Memory (MB): peak = 1152.703 ; gain = 17.262
---------------------------------------------------------------------------------
---------------------------------------------------------------------------------
Start ROM, RAM, DSP, Shift Register and Retiming Reporting
---------------------------------------------------------------------------------

ROM: Preliminary Mapping Report
+-------------+-------------------------+---------------+----------------+
|Module Name  | RTL Object              | Depth x Width | Implemented As | 
+-------------+-------------------------+---------------+----------------+
|OledInit     | after_state             | 32x1          | LUT            | 
|OledInit     | after_state             | 32x5          | LUT            | 
|OledInit     | temp_spi_data           | 32x1          | LUT            | 
|OledUser     | after_state             | 32x1          | LUT            | 
|OledUser     | temp_addr               | 32x1          | LUT            | 
|fpga_top     | OledSetupArray[0][char] | 32x7          | LUT            | 
|PmodOLEDCtrl | PM_Init/after_state     | 32x5          | LUT            | 
|PmodOLEDCtrl | PM_Init/after_state     | 32x1          | LUT            | 
|PmodOLEDCtrl | PM_Init/temp_spi_data   | 32x1          | LUT            | 
|PmodOLEDCtrl | PM_UserDisp/after_state | 32x1          | LUT            | 
|PmodOLEDCtrl | PM_UserDisp/temp_addr   | 32x1          | LUT            | 
|fpga_top     | OledSetupArray[0][char] | 32x7          | LUT            | 
+-------------+-------------------------+---------------+----------------+


Distributed RAM: Preliminary Mapping Report (see note below)
+----------------+-------------------------------+-----------+----------------------+-------------+
|Module Name     | RTL Object                    | Inference | Size (Depth x Width) | Primitives  | 
+----------------+-------------------------------+-----------+----------------------+-------------+
|PM_UART         | fifo_tx_inst/fifo_reg         | Implied   | 16 x 8               | RAM32M x 2  | 
|PM_UART         | fifo_rx_inst/fifo_reg         | Implied   | 16 x 8               | RAM32M x 2  | 
|PM_DATA_PROCESS | PM_DATAINPUT/PM_FIFO/fifo_reg | Implied   | 16 x 8               | RAM32M x 2  | 
+----------------+-------------------------------+-----------+----------------------+-------------+

Note: The table above is a preliminary report that shows the Distributed RAMs at the current stage of the synthesis flow. Some Distributed RAMs may be reimplemented as non Distributed RAM primitives later in the synthesis flow. Multiple instantiated RAMs are reported only once.

DSP: Preliminary Mapping Report (see note below)
+--------------+--------------------------+--------+--------+--------+--------+--------+------+------+------+------+-------+------+------+
|Module Name   | DSP Mapping              | A Size | B Size | C Size | D Size | P Size | AREG | BREG | CREG | DREG | ADREG | MREG | PREG | 
+--------------+--------------------------+--------+--------+--------+--------+--------+------+------+------+------+-------+------+------+
|my_FIR_filter | A*(B:0x3fff3)            | 8      | 5      | -      | -      | 13     | 0    | 0    | -    | -    | -     | 0    | 0    | 
|my_FIR_filter | PCIN+A*(B:0x3ffd5)       | 8      | 7      | -      | -      | 24     | 0    | 0    | -    | -    | -     | 0    | 1    | 
|my_FIR_filter | PCIN+A*(B:0x3ffa7)       | 8      | 8      | -      | -      | 24     | 0    | 0    | -    | -    | -     | 0    | 1    | 
|my_FIR_filter | (PCIN+(A:0x3fffff6d)*B)' | 9      | 8      | -      | -      | 24     | 0    | 0    | -    | -    | -     | 0    | 1    | 
|my_FIR_filter | (PCIN+(A:0x3fffff33)*B)' | 9      | 8      | -      | -      | 24     | 0    | 0    | -    | -    | -     | 0    | 1    | 
|my_FIR_filter | (PCIN+(A:0x3fffff07)*B)' | 9      | 8      | -      | -      | 24     | 0    | 0    | -    | -    | -     | 0    | 1    | 
|my_FIR_filter | (PCIN+(A:0x3fffff03)*B)' | 9      | 8      | -      | -      | 24     | 0    | 0    | -    | -    | -     | 0    | 1    | 
|my_FIR_filter | (PCIN+(A:0x3fffff3f)*B)' | 9      | 8      | -      | -      | 24     | 0    | 0    | -    | -    | -     | 0    | 1    | 
|my_FIR_filter | PCIN+A*(B:0x3ffcf)       | 8      | 7      | -      | -      | 24     | 0    | 0    | -    | -    | -     | 0    | 1    | 
|my_FIR_filter | (PCIN+(A:0xc3)*B)'       | 9      | 8      | -      | -      | 24     | 0    | 0    | -    | -    | -     | 0    | 1    | 
|my_FIR_filter | (PCIN+(A:0x220)*B)'      | 11     | 8      | -      | -      | 24     | 0    | 0    | -    | -    | -     | 0    | 1    | 
|my_FIR_filter | (PCIN+(A:0x3dc)*B)'      | 11     | 8      | -      | -      | 24     | 0    | 0    | -    | -    | -     | 0    | 1    | 
|my_FIR_filter | (PCIN+(A:0x5db)*B)'      | 12     | 8      | -      | -      | 24     | 0    | 0    | -    | -    | -     | 0    | 1    | 
|my_FIR_filter | (PCIN+(A:0x7f8)*B)'      | 12     | 8      | -      | -      | 24     | 0    | 0    | -    | -    | -     | 0    | 1    | 
|my_FIR_filter | (PCIN+(A:0xa01)*B)'      | 13     | 8      | -      | -      | 24     | 0    | 0    | -    | -    | -     | 0    | 1    | 
|my_FIR_filter | (PCIN+(A:0xbc2)*B)'      | 13     | 8      | -      | -      | 24     | 0    | 0    | -    | -    | -     | 0    | 1    | 
|my_FIR_filter | (PCIN+(A:0xd0d)*B)'      | 13     | 8      | -      | -      | 24     | 0    | 0    | -    | -    | -     | 0    | 1    | 
|my_FIR_filter | (PCIN+(A:0xdbc)*B)'      | 13     | 8      | -      | -      | 24     | 0    | 0    | -    | -    | -     | 0    | 1    | 
|my_FIR_filter | (PCIN+(A:0xdbc)*B)'      | 13     | 8      | -      | -      | 24     | 0    | 0    | -    | -    | -     | 0    | 1    | 
|my_FIR_filter | (PCIN+(A:0xd0d)*B)'      | 13     | 8      | -      | -      | 24     | 0    | 0    | -    | -    | -     | 0    | 1    | 
|my_FIR_filter | (PCIN+(A:0xbc2)*B)'      | 13     | 8      | -      | -      | 24     | 0    | 0    | -    | -    | -     | 0    | 1    | 
|my_FIR_filter | (PCIN+(A:0xa01)*B)'      | 13     | 8      | -      | -      | 24     | 0    | 0    | -    | -    | -     | 0    | 1    | 
|my_FIR_filter | (PCIN+(A:0x7f8)*B)'      | 12     | 8      | -      | -      | 24     | 0    | 0    | -    | -    | -     | 0    | 1    | 
|my_FIR_filter | (PCIN+(A:0x5db)*B)'      | 12     | 8      | -      | -      | 24     | 0    | 0    | -    | -    | -     | 0    | 1    | 
|my_FIR_filter | (PCIN+(A:0x3dc)*B)'      | 11     | 8      | -      | -      | 24     | 0    | 0    | -    | -    | -     | 0    | 1    | 
|my_FIR_filter | (PCIN+(A:0x220)*B)'      | 11     | 8      | -      | -      | 24     | 0    | 0    | -    | -    | -     | 0    | 1    | 
+--------------+--------------------------+--------+--------+--------+--------+--------+------+------+------+------+-------+------+------+

Note: The table above is a preliminary report that shows the DSPs inferred at the current stage of the synthesis flow. Some DSP may be reimplemented as non DSP primitives later in the synthesis flow. Multiple instantiated DSPs are reported only once.
---------------------------------------------------------------------------------
Finished ROM, RAM, DSP, Shift Register and Retiming Reporting
---------------------------------------------------------------------------------
---------------------------------------------------------------------------------
Start Applying XDC Timing Constraints
---------------------------------------------------------------------------------
WARNING: [Synth 8-565] redefining clock 'clk_pad'
---------------------------------------------------------------------------------
Finished Applying XDC Timing Constraints : Time (s): cpu = 00:00:37 ; elapsed = 00:00:38 . Memory (MB): peak = 1156.812 ; gain = 21.371
---------------------------------------------------------------------------------
---------------------------------------------------------------------------------
Start Timing Optimization
---------------------------------------------------------------------------------
---------------------------------------------------------------------------------
Finished Timing Optimization : Time (s): cpu = 00:00:38 ; elapsed = 00:00:39 . Memory (MB): peak = 1165.086 ; gain = 29.645
---------------------------------------------------------------------------------
---------------------------------------------------------------------------------
Start ROM, RAM, DSP, Shift Register and Retiming Reporting
---------------------------------------------------------------------------------

Distributed RAM: Final Mapping Report
+----------------+-------------------------------+-----------+----------------------+-------------+
|Module Name     | RTL Object                    | Inference | Size (Depth x Width) | Primitives  | 
+----------------+-------------------------------+-----------+----------------------+-------------+
|PM_UART         | fifo_tx_inst/fifo_reg         | Implied   | 16 x 8               | RAM32M x 2  | 
|PM_UART         | fifo_rx_inst/fifo_reg         | Implied   | 16 x 8               | RAM32M x 2  | 
|PM_DATA_PROCESS | PM_DATAINPUT/PM_FIFO/fifo_reg | Implied   | 16 x 8               | RAM32M x 2  | 
+----------------+-------------------------------+-----------+----------------------+-------------+

---------------------------------------------------------------------------------
Finished ROM, RAM, DSP, Shift Register and Retiming Reporting
---------------------------------------------------------------------------------
---------------------------------------------------------------------------------
Start Technology Mapping
---------------------------------------------------------------------------------
---------------------------------------------------------------------------------
Finished Technology Mapping : Time (s): cpu = 00:00:40 ; elapsed = 00:00:40 . Memory (MB): peak = 1210.387 ; gain = 74.945
---------------------------------------------------------------------------------
---------------------------------------------------------------------------------
Start IO Insertion
---------------------------------------------------------------------------------
---------------------------------------------------------------------------------
Start Flattening Before IO Insertion
---------------------------------------------------------------------------------
---------------------------------------------------------------------------------
Finished Flattening Before IO Insertion
---------------------------------------------------------------------------------
---------------------------------------------------------------------------------
Start Final Netlist Cleanup
---------------------------------------------------------------------------------
---------------------------------------------------------------------------------
Finished Final Netlist Cleanup
---------------------------------------------------------------------------------
---------------------------------------------------------------------------------
Finished IO Insertion : Time (s): cpu = 00:00:43 ; elapsed = 00:00:44 . Memory (MB): peak = 1224.164 ; gain = 88.723
---------------------------------------------------------------------------------
---------------------------------------------------------------------------------
Start Renaming Generated Instances
---------------------------------------------------------------------------------
---------------------------------------------------------------------------------
Finished Renaming Generated Instances : Time (s): cpu = 00:00:43 ; elapsed = 00:00:44 . Memory (MB): peak = 1224.164 ; gain = 88.723
---------------------------------------------------------------------------------
---------------------------------------------------------------------------------
Start Rebuilding User Hierarchy
---------------------------------------------------------------------------------
---------------------------------------------------------------------------------
Finished Rebuilding User Hierarchy : Time (s): cpu = 00:00:44 ; elapsed = 00:00:44 . Memory (MB): peak = 1224.164 ; gain = 88.723
---------------------------------------------------------------------------------
---------------------------------------------------------------------------------
Start Renaming Generated Ports
---------------------------------------------------------------------------------
---------------------------------------------------------------------------------
Finished Renaming Generated Ports : Time (s): cpu = 00:00:44 ; elapsed = 00:00:44 . Memory (MB): peak = 1224.164 ; gain = 88.723
---------------------------------------------------------------------------------
---------------------------------------------------------------------------------
Start Handling Custom Attributes
---------------------------------------------------------------------------------
---------------------------------------------------------------------------------
Finished Handling Custom Attributes : Time (s): cpu = 00:00:44 ; elapsed = 00:00:44 . Memory (MB): peak = 1224.164 ; gain = 88.723
---------------------------------------------------------------------------------
---------------------------------------------------------------------------------
Start Renaming Generated Nets
---------------------------------------------------------------------------------
---------------------------------------------------------------------------------
Finished Renaming Generated Nets : Time (s): cpu = 00:00:44 ; elapsed = 00:00:44 . Memory (MB): peak = 1224.164 ; gain = 88.723
---------------------------------------------------------------------------------
---------------------------------------------------------------------------------
Start Writing Synthesis Report
---------------------------------------------------------------------------------

Report BlackBoxes: 
+------+------------------+----------+
|      |BlackBox name     |Instances |
+------+------------------+----------+
|1     |clk_wiz_0         |         1|
|2     |xadc_wiz_0        |         1|
|3     |mem_oled_char_lib |         1|
+------+------------------+----------+

Report Cell Usage: 
+------+------------------+------+
|      |Cell              |Count |
+------+------------------+------+
|1     |clk_wiz           |     1|
|2     |mem_oled_char_lib |     1|
|3     |xadc_wiz          |     1|
|4     |BUFG              |     1|
|5     |CARRY4            |   221|
|6     |DSP48E1           |    26|
|8     |LUT1              |   240|
|9     |LUT2              |   460|
|10    |LUT3              |   205|
|11    |LUT4              |   174|
|12    |LUT5              |   276|
|13    |LUT6              |   443|
|14    |MUXF7             |    62|
|15    |MUXF8             |    28|
|16    |RAM32M            |     3|
|17    |RAM32X1D          |     6|
|18    |FDCE              |   714|
|19    |FDPE              |    95|
|20    |FDRE              |   894|
|21    |FDSE              |    75|
|22    |LD                |     1|
|23    |IBUF              |    11|
|24    |IOBUF             |     1|
|25    |OBUF              |    28|
|26    |OBUFT             |     1|
+------+------------------+------+
---------------------------------------------------------------------------------
Finished Writing Synthesis Report : Time (s): cpu = 00:00:44 ; elapsed = 00:00:44 . Memory (MB): peak = 1224.164 ; gain = 88.723
---------------------------------------------------------------------------------
Synthesis finished with 0 errors, 0 critical warnings and 3 warnings.
Synthesis Optimization Runtime : Time (s): cpu = 00:00:34 ; elapsed = 00:00:42 . Memory (MB): peak = 1224.164 ; gain = 71.461
Synthesis Optimization Complete : Time (s): cpu = 00:00:44 ; elapsed = 00:00:45 . Memory (MB): peak = 1224.164 ; gain = 88.723
INFO: [Project 1-571] Translating synthesized netlist
Netlist sorting complete. Time (s): cpu = 00:00:00 ; elapsed = 00:00:00.070 . Memory (MB): peak = 1232.258 ; gain = 0.000
INFO: [Netlist 29-17] Analyzing 348 Unisim elements for replacement
INFO: [Netlist 29-28] Unisim Transformation completed in 0 CPU seconds
INFO: [Project 1-570] Preparing netlist for logic optimization
INFO: [Opt 31-138] Pushed 1 inverter(s) to 1 load pin(s).
Netlist sorting complete. Time (s): cpu = 00:00:00 ; elapsed = 00:00:00.001 . Memory (MB): peak = 1241.926 ; gain = 0.000
INFO: [Project 1-111] Unisim Transformation Summary:
  A total of 11 instances were transformed.
  IOBUF => IOBUF (IBUF, OBUFT): 1 instance 
  LD => LDCE (inverted pins: G): 1 instance 
  RAM32M => RAM32M (RAMD32(x6), RAMS32(x2)): 3 instances
  RAM32X1D => RAM32X1D (RAMD32(x2)): 6 instances

Synth Design complete, checksum: 20457e01
INFO: [Common 17-83] Releasing license: Synthesis
91 Infos, 8 Warnings, 0 Critical Warnings and 0 Errors encountered.
synth_design completed successfully
synth_design: Time (s): cpu = 00:00:48 ; elapsed = 00:00:50 . Memory (MB): peak = 1241.926 ; gain = 106.484
INFO: [Common 17-1381] The checkpoint 'C:/Users/polit/Documents/n10489045, N10485571  - FIR Filter Vivado and bit file/06_demo_all_2021/06_demo_all.runs/synth_1/fpga_top.dcp' has been generated.
INFO: [runtcl-4] Executing : report_utilization -file fpga_top_utilization_synth.rpt -pb fpga_top_utilization_synth.pb
INFO: [Common 17-206] Exiting Vivado at Mon Nov  1 22:35:27 2021...
